<?xml version="1.0" encoding="UTF-8"?>
<testsuites>
  <testsuite name="fastlane.lanes">
    
    
    
      
      <testcase classname="fastlane.lanes" name="0: Verifying fastlane version" time="0.004506">
        
      </testcase>
    
      
      <testcase classname="fastlane.lanes" name="1: default_platform" time="0.00081">
        
      </testcase>
    
      
      <testcase classname="fastlane.lanes" name="2: xcodebuild" time="14.057278">
        
          <failure message="/Library/Ruby/Gems/2.3.0/gems/fastlane-2.111.0/fastlane/lib/fastlane/actions/actions_helper.rb:48:in `execute_action'&#10;/Library/Ruby/Gems/2.3.0/gems/fastlane-2.111.0/fastlane/lib/fastlane/runner.rb:232:in `block in execute_action'&#10;/Library/Ruby/Gems/2.3.0/gems/fastlane-2.111.0/fastlane/lib/fastlane/runner.rb:227:in `chdir'&#10;/Library/Ruby/Gems/2.3.0/gems/fastlane-2.111.0/fastlane/lib/fastlane/runner.rb:227:in `execute_action'&#10;/Library/Ruby/Gems/2.3.0/gems/fastlane-2.111.0/fastlane/lib/fastlane/runner.rb:157:in `trigger_action_by_name'&#10;/Library/Ruby/Gems/2.3.0/gems/fastlane-2.111.0/fastlane/lib/fastlane/fast_file.rb:154:in `method_missing'&#10;Fastfile:34:in `block (2 levels) in parsing_binding'&#10;/Library/Ruby/Gems/2.3.0/gems/fastlane-2.111.0/fastlane/lib/fastlane/lane.rb:33:in `call'&#10;/Library/Ruby/Gems/2.3.0/gems/fastlane-2.111.0/fastlane/lib/fastlane/runner.rb:49:in `block in execute'&#10;/Library/Ruby/Gems/2.3.0/gems/fastlane-2.111.0/fastlane/lib/fastlane/runner.rb:45:in `chdir'&#10;/Library/Ruby/Gems/2.3.0/gems/fastlane-2.111.0/fastlane/lib/fastlane/runner.rb:45:in `execute'&#10;/Library/Ruby/Gems/2.3.0/gems/fastlane-2.111.0/fastlane/lib/fastlane/lane_manager.rb:56:in `cruise_lane'&#10;/Library/Ruby/Gems/2.3.0/gems/fastlane-2.111.0/fastlane/lib/fastlane/command_line_handler.rb:36:in `handle'&#10;/Library/Ruby/Gems/2.3.0/gems/fastlane-2.111.0/fastlane/lib/fastlane/commands_generator.rb:108:in `block (2 levels) in run'&#10;/Library/Ruby/Gems/2.3.0/gems/commander-fastlane-4.4.6/lib/commander/command.rb:178:in `call'&#10;/Library/Ruby/Gems/2.3.0/gems/commander-fastlane-4.4.6/lib/commander/command.rb:153:in `run'&#10;/Library/Ruby/Gems/2.3.0/gems/commander-fastlane-4.4.6/lib/commander/runner.rb:476:in `run_active_command'&#10;/Library/Ruby/Gems/2.3.0/gems/fastlane-2.111.0/fastlane_core/lib/fastlane_core/ui/fastlane_runner.rb:76:in `run!'&#10;/Library/Ruby/Gems/2.3.0/gems/commander-fastlane-4.4.6/lib/commander/delegates.rb:15:in `run!'&#10;/Library/Ruby/Gems/2.3.0/gems/fastlane-2.111.0/fastlane/lib/fastlane/commands_generator.rb:333:in `run'&#10;/Library/Ruby/Gems/2.3.0/gems/fastlane-2.111.0/fastlane/lib/fastlane/commands_generator.rb:41:in `start'&#10;/Library/Ruby/Gems/2.3.0/gems/fastlane-2.111.0/fastlane/lib/fastlane/cli_tools_distributor.rb:108:in `take_off'&#10;/Library/Ruby/Gems/2.3.0/gems/fastlane-2.111.0/bin/fastlane:23:in `&lt;top (required)&gt;'&#10;/usr/local/bin/fastlane:22:in `load'&#10;/usr/local/bin/fastlane:22:in `&lt;main&gt;'&#10;&#10;Exit status of command 'set -o pipefail &amp;&amp; xcodebuild -scheme &quot;Quiz&quot; clean build -destination &quot;generic/platform=iOS&quot; CODE_SIGNING_REQUIRED=&quot;NO&quot; CODE_SIGN_IDENTITY=&quot;&quot; -workspace &quot;Quiz.xcworkspace&quot; | tee '/Users/thieunv/Library/Logs/fastlane/xcbuild/2018-12-19/15075/xcodebuild.log' | xcpretty --color --simple' was 65 instead of 0.&#10;2018-12-19 15:48:32.906 xcodebuild[15085:5554322] [MT] PluginLoading: Required plug-in compatibility UUID D7881182-AD00-4C36-A94D-F45FC9B0CF85 for plug-in at path '~/Library/Application Support/Developer/Shared/Xcode/Plug-ins/SwiftLintXcode.xcplugin' not present in DVTPlugInCompatibilityUUIDs&#10;--- xcodebuild: WARNING: Using the first of multiple matching destinations:&#10;{ platform:iOS, id:dvtdevice-DVTiPhonePlaceholder-iphoneos:placeholder, name:Generic iOS Device }&#10;{ platform:iOS, id:dvtdevice-DVTiPhonePlaceholder-iphoneos:placeholder, name:Generic iOS Device }&#10;{ platform:iOS, id:dvtdevice-DVTiPhonePlaceholder-iphoneos:placeholder, name:Generic iOS Device }&#10;{ platform:iOS, id:dvtdevice-DVTiPhonePlaceholder-iphoneos:placeholder, name:Generic iOS Device }&#10;{ platform:iOS, id:dvtdevice-DVTiPhonePlaceholder-iphoneos:placeholder, name:Generic iOS Device }&#10;{ platform:iOS, id:dvtdevice-DVTiPhonePlaceholder-iphoneos:placeholder, name:Generic iOS Device }&#10;{ platform:iOS, id:dvtdevice-DVTiPhonePlaceholder-iphoneos:placeholder, name:Generic iOS Device }&#10;{ platform:iOS, id:dvtdevice-DVTiPhonePlaceholder-iphoneos:placeholder, name:Generic iOS Device }&#10;{ platform:iOS, id:dvtdevice-DVTiPhonePlaceholder-iphoneos:placeholder, name:Generic iOS Device }&#10;--- xcodebuild: WARNING: Using the first of multiple matching destinations:&#10;{ platform:iOS, id:dvtdevice-DVTiPhonePlaceholder-iphoneos:placeholder, name:Generic iOS Device }&#10;{ platform:iOS, id:dvtdevice-DVTiPhonePlaceholder-iphoneos:placeholder, name:Generic iOS Device }&#10;{ platform:iOS, id:dvtdevice-DVTiPhonePlaceholder-iphoneos:placeholder, name:Generic iOS Device }&#10;{ platform:iOS, id:dvtdevice-DVTiPhonePlaceholder-iphoneos:placeholder, name:Generic iOS Device }&#10;{ platform:iOS, id:dvtdevice-DVTiPhonePlaceholder-iphoneos:placeholder, name:Generic iOS Device }&#10;{ platform:iOS, id:dvtdevice-DVTiPhonePlaceholder-iphoneos:placeholder, name:Generic iOS Device }&#10;{ platform:iOS, id:dvtdevice-DVTiPhonePlaceholder-iphoneos:placeholder, name:Generic iOS Device }&#10;{ platform:iOS, id:dvtdevice-DVTiPhonePlaceholder-iphoneos:placeholder, name:Generic iOS Device }&#10;{ platform:iOS, id:dvtdevice-DVTiPhonePlaceholder-iphoneos:placeholder, name:Generic iOS Device }&#10;[33m▸[0m [39;1mClean[0m Succeeded&#10;    [33mQuiz isn't code signed but requires entitlements. It is not possible to add entitlements to a binary without signing it. (in target 'Quiz')[0m&#10;[33m▸[0m [39;1mProcessing[0m Info.plist&#10;[33m▸[0m [39;1mCopying[0m pb_encode.h&#10;[33m▸[0m [39;1mCopying[0m pb_decode.h&#10;[33m▸[0m [39;1mCopying[0m pb_common.h&#10;[33m▸[0m [39;1mCopying[0m pb.h&#10;[33m▸[0m [39;1mCopying[0m nanopb-umbrella.h&#10;[33m▸[0m [39;1mProcessing[0m Info.plist&#10;[33m▸[0m [39;1mCopying[0m GoogleUtilities-umbrella.h&#10;[33m▸[0m [39;1mCopying[0m GULUserDefaults.h&#10;[33m▸[0m [39;1mCopying[0m GULReachabilityMessageCode.h&#10;[33m▸[0m [39;1mCopying[0m GULReachabilityChecker.h&#10;[33m▸[0m [39;1mCopying[0m GULNetworkURLSession.h&#10;[33m▸[0m [39;1mCopying[0m GULNetworkMessageCode.h&#10;[33m▸[0m [39;1mCompiling[0m pb_encode.c&#10;[33m▸[0m [39;1mCompiling[0m pb_decode.c&#10;[33m▸[0m [39;1mCompiling[0m pb_common.c&#10;[33m▸[0m [39;1mCompiling[0m nanopb-dummy.m&#10;[33m▸[0m [39;1mCompiling[0m pb_encode.c&#10;[33m▸[0m [39;1mCompiling[0m pb_decode.c&#10;[33m▸[0m [39;1mCompiling[0m pb_common.c&#10;[33m▸[0m [39;1mCompiling[0m nanopb-dummy.m&#10;[33m▸[0m [39;1mCompiling[0m nanopb_vers.c&#10;[33m▸[0m [39;1mCompiling[0m nanopb_vers.c&#10;[33m▸[0m [39;1mCopying[0m GULNetworkLoggerProtocol.h&#10;[33m▸[0m [39;1mCopying[0m GULNetworkConstants.h&#10;[33m▸[0m [39;1mCopying[0m GULNetwork.h&#10;[33m▸[0m [39;1mCopying[0m GULMutableDictionary.h&#10;[33m▸[0m [39;1mCopying[0m GULNSData+zlib.h&#10;[33m▸[0m [39;1mCopying[0m GULSwizzler.h&#10;[33m▸[0m [39;1mCopying[0m GULOriginalIMPConvenienceMacros.h&#10;[33m▸[0m [39;1mCopying[0m GULLoggerLevel.h&#10;[33m▸[0m [39;1mCopying[0m GULLogger.h&#10;[33m▸[0m [39;1mCopying[0m GULAppEnvironmentUtil.h&#10;[33m▸[0m [39;1mCopying[0m GULLoggerCodes.h&#10;[33m▸[0m [39;1mCopying[0m GULAppDelegateSwizzler.h&#10;[33m▸[0m [39;1mCompiling[0m GoogleUtilities-dummy.m&#10;[33m▸[0m [39;1mCompiling[0m GoogleUtilities_vers.c&#10;[33m▸[0m [39;1mCompiling[0m GULUserDefaults.m&#10;[33m▸[0m [39;1mCompiling[0m GULSwizzler.m&#10;[33m▸[0m [39;1mCompiling[0m GULReachabilityChecker.m&#10;[33m▸[0m [39;1mCompiling[0m GULNetworkURLSession.m&#10;[33m▸[0m [39;1mCompiling[0m GULNetworkConstants.m&#10;[33m▸[0m [39;1mCompiling[0m GULNetwork.m&#10;[33m▸[0m [39;1mLinking[0m nanopb&#10;[33m▸[0m [39;1mLinking[0m nanopb&#10;[33m▸[0m [39;1mCompiling[0m GULNSData+zlib.m&#10;[33m▸[0m [39;1mCompiling[0m GULMutableDictionary.m&#10;[33m▸[0m [39;1mCompiling[0m GULLogger.m&#10;[33m▸[0m [39;1mCompiling[0m GULAppEnvironmentUtil.m&#10;[33m▸[0m [39;1mCompiling[0m GULAppDelegateSwizzler.m&#10;[33m▸[0m [39;1mCompiling[0m GoogleUtilities_vers.c&#10;[33m▸[0m [39;1mCompiling[0m GoogleUtilities-dummy.m&#10;[33m▸[0m [39;1mCompiling[0m GULUserDefaults.m&#10;[33m▸[0m [39;1mCompiling[0m GULSwizzler.m&#10;[33m▸[0m [39;1mCompiling[0m GULReachabilityChecker.m&#10;[33m▸[0m [39;1mCompiling[0m GULNetworkURLSession.m&#10;[33m▸[0m [39;1mTouching[0m nanopb.framework (in target: nanopb)&#10;[33m▸[0m [39;1mCompiling[0m GULNetworkConstants.m&#10;[33m▸[0m [39;1mCompiling[0m GULNetwork.m&#10;[33m▸[0m [39;1mCompiling[0m GULNSData+zlib.m&#10;[33m▸[0m [39;1mLinking[0m GoogleUtilities&#10;[33m▸[0m [39;1mCompiling[0m GULMutableDictionary.m&#10;[33m▸[0m [39;1mCompiling[0m GULLogger.m&#10;[33m▸[0m [39;1mCompiling[0m GULAppEnvironmentUtil.m&#10;[33m▸[0m [39;1mCompiling[0m GULAppDelegateSwizzler.m&#10;[33m▸[0m [39;1mLinking[0m GoogleUtilities&#10;[33m▸[0m [39;1mTouching[0m GoogleUtilities.framework (in target: GoogleUtilities)&#10;[33m▸[0m [39;1mCopying[0m FIROptions.h&#10;[33m▸[0m [39;1mCopying[0m FIRLoggerLevel.h&#10;[33m▸[0m [39;1mCopying[0m FirebaseCore-umbrella.h&#10;[33m▸[0m [39;1mCopying[0m FirebaseCore.h&#10;[33m▸[0m [39;1mCopying[0m FIRApp.h&#10;[33m▸[0m [39;1mCopying[0m FIRConfiguration.h&#10;[33m▸[0m [39;1mCopying[0m FIRVersion.h&#10;[33m▸[0m [39;1mCopying[0m FIRAnalyticsConfiguration.h&#10;[33m▸[0m [39;1mCopying[0m FIROptionsInternal.h&#10;[33m▸[0m [39;1mCopying[0m FIRLogger.h&#10;[33m▸[0m [39;1mCopying[0m FIRErrors.h&#10;[33m▸[0m [39;1mCopying[0m FIRErrorCode.h&#10;[33m▸[0m [39;1mCopying[0m FIRDependency.h&#10;[33m▸[0m [39;1mCopying[0m FIRCoreConfigurable.h&#10;[33m▸[0m [39;1mCopying[0m FIRComponentType.h&#10;[33m▸[0m [39;1mCopying[0m FIRComponentRegistrant.h&#10;[33m▸[0m [39;1mCopying[0m FIRComponentContainerInternal.h&#10;[33m▸[0m [39;1mCopying[0m FIRComponentContainer.h&#10;[33m▸[0m [39;1mCopying[0m FIRComponent.h&#10;[33m▸[0m [39;1mCopying[0m FIRBundleUtil.h&#10;[33m▸[0m [39;1mCopying[0m FIRAppInternal.h&#10;[33m▸[0m [39;1mCopying[0m FIRAppAssociationRegistration.h&#10;[33m▸[0m [39;1mCopying[0m FIRAnalyticsConfiguration+Internal.h&#10;[33m▸[0m [39;1mCompiling[0m FIRLogger.m&#10;[33m▸[0m [39;1mCompiling[0m FIRVersion.m&#10;[33m▸[0m [39;1mCompiling[0m FirebaseCore-dummy.m&#10;[33m▸[0m [39;1mCompiling[0m FIRErrors.m&#10;[33m▸[0m [39;1mCompiling[0m FIROptions.m&#10;[33m▸[0m [39;1mCompiling[0m FIRDependency.m&#10;[33m▸[0m [39;1mCompiling[0m FIRConfiguration.m&#10;[33m▸[0m [39;1mCompiling[0m FirebaseCore_vers.c&#10;[33m▸[0m [39;1mCompiling[0m FIRComponentType.m&#10;[33m▸[0m [39;1mCompiling[0m FIRComponentContainer.m&#10;[33m▸[0m [39;1mCompiling[0m FIRComponent.m&#10;[33m▸[0m [39;1mCompiling[0m FIRBundleUtil.m&#10;[33m▸[0m [39;1mCompiling[0m FIRAppAssociationRegistration.m&#10;[33m▸[0m [39;1mCompiling[0m FIRApp.m&#10;[33m▸[0m [39;1mCompiling[0m FIRAnalyticsConfiguration.m&#10;[33m▸[0m [39;1mCompiling[0m FirebaseCore_vers.c&#10;[33m▸[0m [39;1mCompiling[0m FirebaseCore-dummy.m&#10;[33m▸[0m [39;1mCompiling[0m FIRVersion.m&#10;[33m▸[0m [39;1mCompiling[0m FIROptions.m&#10;[33m▸[0m [39;1mCompiling[0m FIRLogger.m&#10;[33m▸[0m [39;1mCompiling[0m FIRErrors.m&#10;[33m▸[0m [39;1mCompiling[0m FIRDependency.m&#10;[33m▸[0m [39;1mCompiling[0m FIRConfiguration.m&#10;[33m▸[0m [39;1mCompiling[0m FIRComponentType.m&#10;[33m▸[0m [39;1mCompiling[0m FIRComponentContainer.m&#10;[33m▸[0m [39;1mCompiling[0m FIRComponent.m&#10;[33m▸[0m [39;1mCompiling[0m FIRBundleUtil.m&#10;[33m▸[0m [39;1mCompiling[0m FIRAppAssociationRegistration.m&#10;[33m▸[0m [39;1mCompiling[0m FIRApp.m&#10;[33m▸[0m [39;1mCompiling[0m FIRAnalyticsConfiguration.m&#10;[33m▸[0m [39;1mTouching[0m FirebaseCore.framework (in target: FirebaseCore)&#10;[33m▸[0m [39;1mProcessing[0m Info.plist&#10;[33m▸[0m [39;1mCopying[0m Pods-Quiz-umbrella.h&#10;[33m▸[0m [39;1mCompiling[0m Pods-Quiz-dummy.m&#10;[33m▸[0m [39;1mCompiling[0m Pods_Quiz_vers.c&#10;[33m▸[0m [39;1mTouching[0m Pods_Quiz.framework (in target: Pods-Quiz)&#10;[33m▸[0m [39;1mRunning script[0m '[CP] Check Pods Manifest.lock'&#10;[33m▸[0m [39;1mCompiling[0m ProfileVC.swift&#10;[33m▸[0m [39;1mCompiling[0m StoreVC.swift&#10;[33m▸[0m [39;1mCompiling[0m StudyVC.swift&#10;&#10;[33m⚠️  [0m/Users/thieunv/Desktop/Project/Quiz/Quiz/Screens/Study/StudyVC.swift:35:41: [33m'bottomLayoutGuide' was deprecated in iOS 11.0: Use view.safeAreaLayoutGuide.bottomAnchor instead of bottomLayoutGuide.topAnchor[0m&#10;&#10;                                toItem: bottomLayoutGuide,&#10;[36m                                        ^[0m&#10;&#10;&#10;[33m▸[0m [39;1mCompiling[0m ClubVC.swift&#10;[33m▸[0m [39;1mCompiling[0m AppDelegate.swift&#10;[33m▸[0m [39;1mLinking[0m Quiz&#10;[33m▸[0m [39;1mCopying[0m GoogleService-Info.plist&#10;[33m▸[0m [39;1mCompiling[0m LaunchScreen.storyboard&#10;[33m▸[0m [39;1mCompiling[0m Main.storyboard&#10;[33m▸[0m [39;1mProcessing[0m Info.plist&#10;[33m▸[0m [39;1mRunning script[0m '[CP] Embed Pods Frameworks'&#10;** BUILD FAILED **&#10;&#10;&#10;The following build commands failed:&#10;	PhaseScriptExecution [CP]\ Embed\ Pods\ Frameworks /Users/thieunv/Library/Developer/Xcode/DerivedData/Quiz-asugoxzwmwuzguawywhykrzjngwn/Build/Intermediates.noindex/Quiz.build/Debug-iphoneos/Quiz.build/Script-CE0C55B0B1EBF677EEE158FD.sh&#10;(1 failure)&#10;" />
        
      </testcase>
    
  </testsuite>
</testsuites>
